<?xml version="1.0" encoding="UTF-8"?>
<testng-results skipped="0" failed="0" total="1" passed="1">
  <reporter-output>
    <line>
      <![CDATA[No of rows in tcsheet::4   No of columns in TSSheet10]]>
    </line>
    <line>
      <![CDATA[Login Success::adminflow    http://primusbank.qedgetech.com/adminflow.aspx]]>
    </line>
    <line>
      <![CDATA[Logout success]]>
    </line>
    <line>
      <![CDATA[Login Success::adminflow    http://primusbank.qedgetech.com/adminflow.aspx]]>
    </line>
    <line>
      <![CDATA[New Branch with id 965 created Sucessfully]]>
    </line>
    <line>
      <![CDATA[Logout success]]>
    </line>
    <line>
      <![CDATA[Login Success::adminflow    http://primusbank.qedgetech.com/adminflow.aspx]]>
    </line>
    <line>
      <![CDATA[Branch updated Sucessfully]]>
    </line>
    <line>
      <![CDATA[Logout success]]>
    </line>
  </reporter-output>
  <suite name="Default suite" duration-ms="35446" started-at="2022-06-23T07:45:34Z" finished-at="2022-06-23T07:46:10Z">
    <groups>
    </groups>
    <test name="Default test" duration-ms="35446" started-at="2022-06-23T07:45:34Z" finished-at="2022-06-23T07:46:10Z">
      <class name="driverFactory.DriverScript">
        <test-method status="PASS" signature="setUp()[pri:0, instance:driverFactory.DriverScript@5a39699c]" name="setUp" is-config="true" duration-ms="3577" started-at="2022-06-23T13:15:31Z" finished-at="2022-06-23T13:15:34Z">
          <reporter-output>
          </reporter-output>
        </test-method> <!-- setUp -->
        <test-method status="PASS" signature="startTest()[pri:0, instance:driverFactory.DriverScript@5a39699c]" name="startTest" duration-ms="35433" started-at="2022-06-23T13:15:34Z" finished-at="2022-06-23T13:16:10Z">
          <reporter-output>
            <line>
              <![CDATA[No of rows in tcsheet::4   No of columns in TSSheet10]]>
            </line>
            <line>
              <![CDATA[Login Success::adminflow    http://primusbank.qedgetech.com/adminflow.aspx]]>
            </line>
            <line>
              <![CDATA[Logout success]]>
            </line>
            <line>
              <![CDATA[Login Success::adminflow    http://primusbank.qedgetech.com/adminflow.aspx]]>
            </line>
            <line>
              <![CDATA[New Branch with id 965 created Sucessfully]]>
            </line>
            <line>
              <![CDATA[Logout success]]>
            </line>
            <line>
              <![CDATA[Login Success::adminflow    http://primusbank.qedgetech.com/adminflow.aspx]]>
            </line>
            <line>
              <![CDATA[Branch updated Sucessfully]]>
            </line>
            <line>
              <![CDATA[Logout success]]>
            </line>
          </reporter-output>
        </test-method> <!-- startTest -->
        <test-method status="PASS" signature="teardown()[pri:0, instance:driverFactory.DriverScript@5a39699c]" name="teardown" is-config="true" duration-ms="84" started-at="2022-06-23T13:16:10Z" finished-at="2022-06-23T13:16:10Z">
          <reporter-output>
          </reporter-output>
        </test-method> <!-- teardown -->
      </class> <!-- driverFactory.DriverScript -->
    </test> <!-- Default test -->
  </suite> <!-- Default suite -->
</testng-results>
